#
# There is insufficient memory for the Java Runtime Environment to continue.
# Native memory allocation (mmap) failed to map 266338304 bytes for Failed to commit area from 0x0000000702800000 to 0x0000000712600000 of length 266338304.
# Possible reasons:
#   The system is out of physical RAM or swap space
#   The process is running with CompressedOops enabled, and the Java Heap may be blocking the growth of the native heap
# Possible solutions:
#   Reduce memory load on the system
#   Increase physical memory or swap space
#   Check if swap backing store is full
#   Decrease Java heap size (-Xmx/-Xms)
#   Decrease number of Java threads
#   Decrease Java thread stack sizes (-Xss)
#   Set larger code cache with -XX:ReservedCodeCacheSize=
# This output file may be truncated or incomplete.
#
#  Out of Memory Error (./src/hotspot/os/windows/os_windows.cpp:3301), pid=8368, tid=5364
#
# JRE version:  (11.0.10) (build )
# Java VM: OpenJDK 64-Bit Server VM (11.0.10+0-b96-7249189, mixed mode, sharing, tiered, compressed oops, g1 gc, windows-amd64)
# No core dump will be written. Minidumps are not enabled by default on client versions of Windows
#

---------------  S U M M A R Y ------------

Command Line: org.jetbrains.git4idea.http.GitAskPassApp Password for 'https://99Thushantha@github.com': 

Host: Intel(R) Core(TM) i3-10100 CPU @ 3.60GHz, 8 cores, 15G,  Windows 10 , 64 bit Build 19041 (10.0.19041.1348)
Time: Sun Jan  9 22:30:33 2022 Sri Lanka Standard Time elapsed time: 0.012556 seconds (0d 0h 0m 0s)

---------------  T H R E A D  ---------------

Current thread (0x0000024d18634800):  JavaThread "Unknown thread" [_thread_in_vm, id=5364, stack(0x000000a173800000,0x000000a173900000)]

Stack: [0x000000a173800000,0x000000a173900000]
Native frames: (J=compiled Java code, j=interpreted, Vv=VM code, C=native code)
V  [jvm.dll+0x5ecfaa]
V  [jvm.dll+0x722bd5]
V  [jvm.dll+0x72412d]
V  [jvm.dll+0x7247e3]
V  [jvm.dll+0x242928]
V  [jvm.dll+0x5ea374]
V  [jvm.dll+0x5df425]
V  [jvm.dll+0x2fdebb]
V  [jvm.dll+0x2fde2a]
V  [jvm.dll+0x2fdd02]
V  [jvm.dll+0x302bf6]
V  [jvm.dll+0x34b2a3]
V  [jvm.dll+0x34b9a6]
V  [jvm.dll+0x34b3a3]
V  [jvm.dll+0x2d8888]
V  [jvm.dll+0x2d9a37]
V  [jvm.dll+0x701737]
V  [jvm.dll+0x702f2c]
V  [jvm.dll+0x3587d9]
V  [jvm.dll+0x6e4fae]
V  [jvm.dll+0x3c0be3]
V  [jvm.dll+0x3c2e91]
C  [jli.dll+0x5373]
C  [ucrtbase.dll+0x21bb2]
C  [KERNEL32.DLL+0x17034]
C  [ntdll.dll+0x52651]


---------------  P R O C E S S  ---------------

Threads class SMR info:
_java_thread_list=0x0000024d164f5fc0, length=0, elements={
}

Java Threads: ( => current thread )

Other Threads:
  0x0000024d1864c000 GCTaskThread "GC Thread#0" [stack: 0x000000a173900000,0x000000a173a00000] [id=17880]
  0x0000024d186a8000 ConcurrentGCThread "G1 Main Marker" [stack: 0x000000a173a00000,0x000000a173b00000] [id=15428]
  0x0000024d186aa800 ConcurrentGCThread "G1 Conc#0" [stack: 0x000000a173b00000,0x000000a173c00000] [id=10084]

[error occurred during error reporting (printing all threads), id 0xc0000005, EXCEPTION_ACCESS_VIOLATION (0xc0000005) at pc=0x00007ffeca329107]

VM state:not at safepoint (not fully initialized)

VM Mutex/Monitor currently owned by a thread:  ([mutex/lock_event])
[0x0000024d18630700] Heap_lock - owner thread: 0x0000024d18634800

Heap address: 0x0000000702800000, size: 4056 MB, Compressed Oops mode: Non-zero based: 0x0000000702800000
Narrow klass base: 0x0000000000000000, Narrow klass shift: 0

GC Heap History (0 events):
No events

Deoptimization events (0 events):
No events

Classes redefined (0 events):
No events

Internal exceptions (0 events):
No events

Events (1 events):
Event: 0.009 Loaded shared library C:\Program Files\Android\Android Studio\jre\bin\zip.dll


Dynamic libraries:
0x00007ff69a0b0000 - 0x00007ff69a0ba000 	C:\Program Files\Android\Android Studio\jre\bin\java.exe
0x00007fff38450000 - 0x00007fff38645000 	C:\WINDOWS\SYSTEM32\ntdll.dll
0x00007fff37df0000 - 0x00007fff37eae000 	C:\WINDOWS\System32\KERNEL32.DLL
0x00007fff361c0000 - 0x00007fff36488000 	C:\WINDOWS\System32\KERNELBASE.dll
0x00007fff35b60000 - 0x00007fff35c60000 	C:\WINDOWS\System32\ucrtbase.dll
0x00007fff1ad50000 - 0x00007fff1ad69000 	C:\Program Files\Android\Android Studio\jre\bin\jli.dll
0x00007fff181e0000 - 0x00007fff181f7000 	C:\Program Files\Android\Android Studio\jre\bin\VCRUNTIME140.dll
0x00007fff38010000 - 0x00007fff381b1000 	C:\WINDOWS\System32\USER32.dll
0x00007fff35e70000 - 0x00007fff35e92000 	C:\WINDOWS\System32\win32u.dll
0x00007fff0bdf0000 - 0x00007fff0c08a000 	C:\WINDOWS\WinSxS\amd64_microsoft.windows.common-controls_6595b64144ccf1df_6.0.19041.1110_none_60b5254171f9507e\COMCTL32.dll
0x00007fff37f70000 - 0x00007fff37f9b000 	C:\WINDOWS\System32\GDI32.dll
0x00007fff36630000 - 0x00007fff366ce000 	C:\WINDOWS\System32\msvcrt.dll
0x00007fff35ea0000 - 0x00007fff35fad000 	C:\WINDOWS\System32\gdi32full.dll
0x00007fff360f0000 - 0x00007fff3618d000 	C:\WINDOWS\System32\msvcp_win.dll
0x00007fff36d80000 - 0x00007fff36db0000 	C:\WINDOWS\System32\IMM32.DLL
0x00007ffed43f0000 - 0x00007ffed448d000 	C:\Program Files\Android\Android Studio\jre\bin\msvcp140.dll
0x00007ffeca040000 - 0x00007ffecab0f000 	C:\Program Files\Android\Android Studio\jre\bin\server\jvm.dll
0x00007fff36850000 - 0x00007fff368fc000 	C:\WINDOWS\System32\ADVAPI32.dll
0x00007fff366d0000 - 0x00007fff3676b000 	C:\WINDOWS\System32\sechost.dll
0x00007fff37960000 - 0x00007fff37a8a000 	C:\WINDOWS\System32\RPCRT4.dll
0x00007fff37eb0000 - 0x00007fff37eb8000 	C:\WINDOWS\System32\PSAPI.DLL
0x00007fff119f0000 - 0x00007fff11a17000 	C:\WINDOWS\SYSTEM32\WINMM.dll
0x00007fff30010000 - 0x00007fff3001a000 	C:\WINDOWS\SYSTEM32\VERSION.dll
0x00007fff2a990000 - 0x00007fff2a999000 	C:\WINDOWS\SYSTEM32\WSOCK32.dll
0x00007fff37fa0000 - 0x00007fff3800b000 	C:\WINDOWS\System32\WS2_32.dll
0x00007fff33a30000 - 0x00007fff33a42000 	C:\WINDOWS\SYSTEM32\kernel.appcore.dll
0x00007fff28a10000 - 0x00007fff28a21000 	C:\Program Files\Android\Android Studio\jre\bin\verify.dll
0x00007fff27490000 - 0x00007fff27674000 	C:\WINDOWS\SYSTEM32\DBGHELP.DLL
0x00007fff27460000 - 0x00007fff2748c000 	C:\WINDOWS\SYSTEM32\dbgcore.DLL
0x00007fff35fb0000 - 0x00007fff36032000 	C:\WINDOWS\System32\bcryptPrimitives.dll
0x00007fff21c90000 - 0x00007fff21cb9000 	C:\Program Files\Android\Android Studio\jre\bin\java.dll
0x00007fff2a980000 - 0x00007fff2a98b000 	C:\Program Files\Android\Android Studio\jre\bin\jimage.dll
0x00007fff28640000 - 0x00007fff28658000 	C:\Program Files\Android\Android Studio\jre\bin\zip.dll

dbghelp: loaded successfully - version: 4.0.5 - missing functions: none
symbol engine: initialized successfully - sym options: 0x614 - pdb path: .;C:\Program Files\Android\Android Studio\jre\bin;C:\WINDOWS\SYSTEM32;C:\WINDOWS\WinSxS\amd64_microsoft.windows.common-controls_6595b64144ccf1df_6.0.19041.1110_none_60b5254171f9507e;C:\Program Files\Android\Android Studio\jre\bin\server

VM Arguments:
java_command: org.jetbrains.git4idea.http.GitAskPassApp Password for 'https://99Thushantha@github.com': 
java_class_path (initial): C:/Program Files/Android/Android Studio/plugins/git4idea/lib/git4idea-rt.jar;C:/Program Files/Android/Android Studio/lib/xmlrpc-2.0.1.jar;C:/Program Files/Android/Android Studio/lib/commons-codec-1.14.jar
Launcher Type: SUN_STANDARD

[Global flags]
     intx CICompilerCount                          = 4                                         {product} {ergonomic}
     uint ConcGCThreads                            = 2                                         {product} {ergonomic}
     uint G1ConcRefinementThreads                  = 8                                         {product} {ergonomic}
   size_t G1HeapRegionSize                         = 1048576                                   {product} {ergonomic}
    uintx GCDrainStackTargetSize                   = 64                                        {product} {ergonomic}
   size_t InitialHeapSize                          = 266338304                                 {product} {ergonomic}
   size_t MarkStackSize                            = 4194304                                   {product} {ergonomic}
   size_t MaxHeapSize                              = 4253024256                                {product} {ergonomic}
   size_t MinHeapDeltaBytes                        = 1048576                                   {product} {ergonomic}
    uintx NonNMethodCodeHeapSize                   = 5836300                                {pd product} {ergonomic}
    uintx NonProfiledCodeHeapSize                  = 122910970                              {pd product} {ergonomic}
    uintx ProfiledCodeHeapSize                     = 122910970                              {pd product} {ergonomic}
    uintx ReservedCodeCacheSize                    = 251658240                              {pd product} {ergonomic}
     bool SegmentedCodeCache                       = true                                      {product} {ergonomic}
     bool UseCompressedClassPointers               = true                                 {lp64_product} {ergonomic}
     bool UseCompressedOops                        = true                                 {lp64_product} {ergonomic}
     bool UseG1GC                                  = true                                      {product} {ergonomic}
     bool UseLargePagesIndividualAllocation        = false                                  {pd product} {ergonomic}

Logging:
Log output configuration:
 #0: stdout all=warning uptime,level,tags
 #1: stderr all=off uptime,level,tags

Environment Variables:
PATH=C:\Program Files\Git\mingw64\libexec\git-core;C:\Program Files\Git\mingw64\libexec\git-core;C:\Program Files\Git\mingw64\bin;C:\Program Files\Git\usr\bin;C:\Users\Thushantha Perera\bin;C:\Program Files (x86)\Common Files\Oracle\Java\javapath;C:\Program Files\Microsoft MPI\Bin;C:\WINDOWS\system32;C:\WINDOWS;C:\WINDOWS\System32\Wbem;C:\WINDOWS\System32\WindowsPowerShell\v1.0;C:\WINDOWS\System32\OpenSSH;C:\Program Files\Microsoft SQL Server\130\Tools\Binn;C:\Program Files\Microsoft SQL Server\Client SDK\ODBC\170\Tools\Binn;C:\Program Files (x86)\Microsoft SQL Server\150\Tools\Binn;C:\Program Files\Microsoft SQL Server\150\Tools\Binn;C:\Program Files (x86)\Microsoft SQL Server\150\DTS\Binn;C:\Program Files\Microsoft SQL Server\150\DTS\Binn;C:\Program Files\Azure Data Studio\bin;C:\Program Files (x86)\Microsoft SQL Server\110\DTS\Binn;C:\Program Files (x86)\Microsoft SQL Server\120\DTS\Binn;C:\Program Files (x86)\Microsoft SQL Server\130\DTS\Binn;C:\Program Files (x86)\Microsoft SQL Server\140\DTS\Binn;C:\Program Files\Java\jdk-15.0.1\bin;C:\Program Files\Git\cmd;C:\Program Files\dotnet;C:\Program Files\PuTTY;C:\Program Files (x86)\Java\jre7\bin;C:\Program Files\nodejs;C:\Program Files (x86)\Microsoft Emulator Manager\1.0;C:\Program Files\MySQL\MySQL Shell 8.0\bin;C:\Users\Thushantha Perera\AppData\Local\Microsoft\WindowsApps;C:\Program Files\Java\jdk-15.0.1\bin;C:\apache-maven-3.6.3\bin;C:\Program Files\Azure Data Studio\bin;D:\Program Files (D)\JetBrains\IntelliJ IDEA Community Edition 2020.3.1\bin;C:\Users\Thushantha Perera\AppData\Local\GitHubDesktop\bin;C:\Users\Thushantha Perera\.dotnet\tools;C:\Users\Thushantha Perera\AppData\Local\Programs\Microsoft VS Code\bin;C:\Users\Thushantha Perera\AppData\Roaming\npm
USERNAME=ThushanthaPerera
DISPLAY=:0.0
LC_ALL=en_US.UTF-8
OS=Windows_NT
PROCESSOR_IDENTIFIER=Intel64 Family 6 Model 165 Stepping 3, GenuineIntel



---------------  S Y S T E M  ---------------

OS: Windows 10 , 64 bit Build 19041 (10.0.19041.1348)
OS uptime: 1 days 4:22 hours
Hyper-V role detected

CPU:total 8 (initial active 8) (4 cores per cpu, 2 threads per core) family 6 model 165 stepping 3 microcode 0xcc, cmov, cx8, fxsr, mmx, sse, sse2, sse3, ssse3, sse4.1, sse4.2, popcnt, avx, avx2, aes, clmul, erms, 3dnowpref, lzcnt, ht, tsc, tscinvbit, bmi1, bmi2, adx, fma

Memory: 4k page, system-wide physical 16222M (474M free)
TotalPageFile size 46667M (AvailPageFile size 108M)
current process WorkingSet (physical memory assigned to process): 10M, peak: 10M
current process commit charge ("private bytes"): 60M, peak: 314M

vm_info: OpenJDK 64-Bit Server VM (11.0.10+0-b96-7249189) for windows-amd64 JRE (11.0.10+0-b96-7249189), built on Mar 31 2021 21:44:00 by "builder" with MS VC++ 14.0 (VS2015)

END.
